<?xml version="1.0" encoding="UTF-8"?>
<!-- Generated by org.testng.reporters.JUnitReportReporter -->
<testsuite skipped="0" hostname="Tuhin" name="Test.AAMLoginTest" tests="2" failures="0" timestamp="11 Aug 2017 07:54:00 GMT" time="22.121" errors="0">
  <testcase name="aamLogingTest2" time="16.452" classname="Test.AAMLoginTest"/>
  <testcase name="aamLogingTest1" time="5.669" classname="Test.AAMLoginTest"/>
</testsuite> <!-- Test.AAMLoginTest -->
